[debug] [2024-11-05T14:33:03.632Z] ----------------------------------------------------------------------
[debug] [2024-11-05T14:33:03.634Z] Command:       C:\Program Files\nodejs\node.exe C:\Users\hp\AppData\Roaming\npm\node_modules\firebase-tools\lib\bin\firebase.js init
[debug] [2024-11-05T14:33:03.635Z] CLI Version:   13.24.0
[debug] [2024-11-05T14:33:03.635Z] Platform:      win32
[debug] [2024-11-05T14:33:03.635Z] Node Version:  v18.20.4
[debug] [2024-11-05T14:33:03.636Z] Time:          Tue Nov 05 2024 20:03:03 GMT+0530 (India Standard Time)
[debug] [2024-11-05T14:33:03.637Z] ----------------------------------------------------------------------
[debug] 
[debug] [2024-11-05T14:33:03.704Z] > command requires scopes: ["email","openid","https://www.googleapis.com/auth/cloudplatformprojects.readonly","https://www.googleapis.com/auth/firebase","https://www.googleapis.com/auth/cloud-platform"]
[debug] [2024-11-05T14:33:03.705Z] > authorizing via signed-in user (anushababu66@gmail.com)
[info] 
     ######## #### ########  ######## ########     ###     ######  ########
     ##        ##  ##     ## ##       ##     ##  ##   ##  ##       ##
     ######    ##  ########  ######   ########  #########  ######  ######
     ##        ##  ##    ##  ##       ##     ## ##     ##       ## ##
     ##       #### ##     ## ######## ########  ##     ##  ######  ########

You're about to initialize a Firebase project in this directory:

  C:\Users\hp\Desktop\recipe-app\recipe-management-app

Before we get started, keep in mind:

  * You are initializing within an existing Firebase project directory

